2019-01-02 15:39:16,838 - WARNING - 当前余额不足 10000，请充值，剩余积分	740
2019-01-02 15:46:56,597 - WARNING - 当前余额不足 10000，请充值，剩余额度:	740
2019-01-02 15:47:22,709 - WARNING - 当前余额不足 10000，请充值，剩余额度:	730
2019-01-02 15:48:12,409 - WARNING - 当前余额不足 10000，请充值，剩余额度:	730
2019-01-02 15:52:56,625 - WARNING - 当前余额不足 10000，请充值，剩余额度:	720
2019-01-02 15:53:37,207 - WARNING - 当前余额不足 10000，请充值，剩余额度:	710
2019-01-02 16:13:22,331 - WARNING - 当前余额不足 10000，请充值，剩余额度:	700
2019-01-02 16:13:40,609 - WARNING - 当前余额不足 10000，请充值，剩余额度:	690
2019-01-02 16:14:38,234 - WARNING - 当前余额不足 10000，请充值，剩余额度:	680
2019-01-02 16:14:58,914 - WARNING - 当前余额不足 10000，请充值，剩余额度:	670
2019-01-02 16:15:55,552 - WARNING - 当前余额不足 10000，请充值，剩余额度:	660
2019-01-02 16:21:22,784 - WARNING - 当前余额不足 10000，请充值，剩余额度:	650
2019-01-02 16:30:19,580 - WARNING - 当前余额不足 10000，请充值，剩余额度:	650
2019-01-02 16:30:47,343 - WARNING - 当前余额不足 10000，请充值，剩余额度:	640
2019-01-02 16:31:04,025 - WARNING - 当前余额不足 10000，请充值，剩余额度:	630
2019-01-03 10:25:24,408 - INFO - 执行退款 id:	20190103100050728f89ad0006324f31
2019-01-03 10:36:55,694 - DEBUG - 接受参数	{'carNo': '苏J750H9', 'engineNo': 'C33687'}
2019-01-03 10:36:59,932 - DEBUG - 完成请求	 {"code": 200, "data": {"total": 22, "bs": 9, "bd": 10, "ws": 3}, "msg": "\u64cd\u4f5c\u6210\u529f\uff01"},耗时	4.238796949386597
2019-01-03 10:38:26,069 - DEBUG - 接受参数	{'carNo': '苏J750H9', 'engineNo': 'C33687'}
2019-01-03 10:38:28,026 - INFO - 执行退款 id:	2019010310005075a27a0300054adec6
2019-01-03 10:38:28,027 - DEBUG - 完成请求	 {"code": 499, "data": {"total": "", "bs": "", "bd": "", "ws": ""}, "msg": "图片验证码输入错误"},耗时	1.957885980606079
2019-01-03 10:38:36,147 - DEBUG - 接受参数	{'carNo': '苏J750H9', 'engineNo': 'C33687'}
2019-01-03 10:38:39,021 - DEBUG - 完成请求	 {"code": 200, "data": {"total": 22, "bs": 9, "bd": 10, "ws": 3}, "msg": "操作成功！"},耗时	2.8736839294433594
2019-01-03 10:41:32,523 - DEBUG - 接受参数	{'carNo': '皖J750H9', 'engineNo': 'C33687'}
2019-01-03 10:41:35,779 - DEBUG - 完成请求	 {"code": 500, "data": {"total": "", "bs": "", "bd": "", "ws": ""}, "msg": "根据您提交的信息，无法查询到违法记录。请核实您提交的信息是否准确。"},耗时	3.255582809448242
